{"D:\\node_home_work\\nodejs-homework-rest-api\\app.js": {"path":"D:\\node_home_work\\nodejs-homework-rest-api\\app.js","statementMap":{"0":{"start":{"line":1,"column":16},"end":{"line":1,"column":34}},"1":{"start":{"line":2,"column":15},"end":{"line":2,"column":32}},"2":{"start":{"line":3,"column":13},"end":{"line":3,"column":28}},"3":{"start":{"line":4,"column":15},"end":{"line":4,"column":32}},"4":{"start":{"line":5,"column":18},"end":{"line":5,"column":47}},"5":{"start":{"line":6,"column":19},"end":{"line":6,"column":51}},"6":{"start":{"line":7,"column":13},"end":{"line":7,"column":28}},"7":{"start":{"line":8,"column":23},"end":{"line":8,"column":53}},"8":{"start":{"line":9,"column":0},"end":{"line":9,"column":26}},"9":{"start":{"line":10,"column":24},"end":{"line":10,"column":51}},"10":{"start":{"line":12,"column":12},"end":{"line":12,"column":21}},"11":{"start":{"line":14,"column":22},"end":{"line":14,"column":72}},"12":{"start":{"line":16,"column":0},"end":{"line":16,"column":18}},"13":{"start":{"line":17,"column":0},"end":{"line":17,"column":62}},"14":{"start":{"line":18,"column":0},"end":{"line":18,"column":59}},"15":{"start":{"line":19,"column":0},"end":{"line":19,"column":15}},"16":{"start":{"line":20,"column":0},"end":{"line":20,"column":39}},"17":{"start":{"line":21,"column":0},"end":{"line":21,"column":21}},"18":{"start":{"line":23,"column":0},"end":{"line":23,"column":39}},"19":{"start":{"line":25,"column":0},"end":{"line":25,"column":41}},"20":{"start":{"line":28,"column":0},"end":{"line":30,"column":2}},"21":{"start":{"line":29,"column":2},"end":{"line":29,"column":76}},"22":{"start":{"line":33,"column":0},"end":{"line":42,"column":2}},"23":{"start":{"line":34,"column":17},"end":{"line":34,"column":34}},"24":{"start":{"line":35,"column":2},"end":{"line":41,"column":6}},"25":{"start":{"line":44,"column":0},"end":{"line":46,"column":2}},"26":{"start":{"line":45,"column":2},"end":{"line":45,"column":68}},"27":{"start":{"line":48,"column":0},"end":{"line":48,"column":20}}},"fnMap":{"0":{"name":"(anonymous_0)","decl":{"start":{"line":28,"column":8},"end":{"line":28,"column":9}},"loc":{"start":{"line":28,"column":22},"end":{"line":30,"column":1}},"line":28},"1":{"name":"(anonymous_1)","decl":{"start":{"line":33,"column":8},"end":{"line":33,"column":9}},"loc":{"start":{"line":33,"column":33},"end":{"line":42,"column":1}},"line":33},"2":{"name":"(anonymous_2)","decl":{"start":{"line":44,"column":33},"end":{"line":44,"column":34}},"loc":{"start":{"line":44,"column":54},"end":{"line":46,"column":1}},"line":44}},"branchMap":{"0":{"loc":{"start":{"line":14,"column":22},"end":{"line":14,"column":72}},"type":"cond-expr","locations":[{"start":{"line":14,"column":57},"end":{"line":14,"column":62}},{"start":{"line":14,"column":65},"end":{"line":14,"column":72}}],"line":14},"1":{"loc":{"start":{"line":18,"column":0},"end":{"line":18,"column":59}},"type":"binary-expr","locations":[{"start":{"line":18,"column":0},"end":{"line":18,"column":25}},{"start":{"line":18,"column":29},"end":{"line":18,"column":59}}],"line":18},"2":{"loc":{"start":{"line":34,"column":17},"end":{"line":34,"column":34}},"type":"binary-expr","locations":[{"start":{"line":34,"column":17},"end":{"line":34,"column":27}},{"start":{"line":34,"column":31},"end":{"line":34,"column":34}}],"line":34},"3":{"loc":{"start":{"line":38,"column":14},"end":{"line":38,"column":47}},"type":"cond-expr","locations":[{"start":{"line":38,"column":31},"end":{"line":38,"column":37}},{"start":{"line":38,"column":40},"end":{"line":38,"column":47}}],"line":38}},"s":{"0":2,"1":2,"2":2,"3":2,"4":2,"5":2,"6":2,"7":2,"8":2,"9":2,"10":2,"11":2,"12":2,"13":2,"14":2,"15":2,"16":2,"17":2,"18":2,"19":2,"20":2,"21":0,"22":2,"23":0,"24":0,"25":2,"26":0,"27":2},"f":{"0":0,"1":0,"2":0},"b":{"0":[0,2],"1":[2,0],"2":[0,0],"3":[0,0]},"_coverageSchema":"1a1c01bbd47fc00a2c39e90264f33305004495a9","hash":"f5f3d72ae986d08065a350363ef6324dce63eb07"}
,"D:\\node_home_work\\nodejs-homework-rest-api\\config\\passport.js": {"path":"D:\\node_home_work\\nodejs-homework-rest-api\\config\\passport.js","statementMap":{"0":{"start":{"line":1,"column":17},"end":{"line":1,"column":36}},"1":{"start":{"line":2,"column":46},"end":{"line":2,"column":69}},"2":{"start":{"line":3,"column":0},"end":{"line":3,"column":26}},"3":{"start":{"line":4,"column":19},"end":{"line":4,"column":41}},"4":{"start":{"line":5,"column":14},"end":{"line":5,"column":46}},"5":{"start":{"line":7,"column":13},"end":{"line":7,"column":15}},"6":{"start":{"line":8,"column":0},"end":{"line":8,"column":62}},"7":{"start":{"line":9,"column":0},"end":{"line":9,"column":29}},"8":{"start":{"line":11,"column":0},"end":{"line":26,"column":1}},"9":{"start":{"line":13,"column":4},"end":{"line":24,"column":5}},"10":{"start":{"line":14,"column":19},"end":{"line":14,"column":51}},"11":{"start":{"line":15,"column":6},"end":{"line":17,"column":7}},"12":{"start":{"line":16,"column":8},"end":{"line":16,"column":48}},"13":{"start":{"line":18,"column":6},"end":{"line":20,"column":7}},"14":{"start":{"line":19,"column":8},"end":{"line":19,"column":32}},"15":{"start":{"line":21,"column":6},"end":{"line":21,"column":29}},"16":{"start":{"line":23,"column":6},"end":{"line":23,"column":22}}},"fnMap":{"0":{"name":"(anonymous_0)","decl":{"start":{"line":12,"column":24},"end":{"line":12,"column":25}},"loc":{"start":{"line":12,"column":49},"end":{"line":25,"column":3}},"line":12}},"branchMap":{"0":{"loc":{"start":{"line":15,"column":6},"end":{"line":17,"column":7}},"type":"if","locations":[{"start":{"line":15,"column":6},"end":{"line":17,"column":7}},{"start":{"line":15,"column":6},"end":{"line":17,"column":7}}],"line":15},"1":{"loc":{"start":{"line":18,"column":6},"end":{"line":20,"column":7}},"type":"if","locations":[{"start":{"line":18,"column":6},"end":{"line":20,"column":7}},{"start":{"line":18,"column":6},"end":{"line":20,"column":7}}],"line":18}},"s":{"0":3,"1":3,"2":3,"3":3,"4":3,"5":3,"6":3,"7":3,"8":3,"9":4,"10":4,"11":4,"12":0,"13":4,"14":0,"15":4,"16":0},"f":{"0":4},"b":{"0":[0,4],"1":[0,4]},"_coverageSchema":"1a1c01bbd47fc00a2c39e90264f33305004495a9","hash":"cd31a1ca449e2ae0f5c6115c5a8c6a714c118ac8"}
,"D:\\node_home_work\\nodejs-homework-rest-api\\controllers\\contacts.js": {"path":"D:\\node_home_work\\nodejs-homework-rest-api\\controllers\\contacts.js","statementMap":{"0":{"start":{"line":1,"column":17},"end":{"line":1,"column":52}},"1":{"start":{"line":3,"column":21},"end":{"line":11,"column":1}},"2":{"start":{"line":4,"column":2},"end":{"line":10,"column":3}},"3":{"start":{"line":5,"column":18},"end":{"line":5,"column":29}},"4":{"start":{"line":6,"column":38},"end":{"line":6,"column":84}},"5":{"start":{"line":7,"column":4},"end":{"line":7,"column":80}},"6":{"start":{"line":9,"column":4},"end":{"line":9,"column":11}},"7":{"start":{"line":13,"column":23},"end":{"line":27,"column":1}},"8":{"start":{"line":14,"column":2},"end":{"line":26,"column":3}},"9":{"start":{"line":15,"column":18},"end":{"line":15,"column":29}},"10":{"start":{"line":16,"column":19},"end":{"line":16,"column":70}},"11":{"start":{"line":17,"column":3},"end":{"line":20,"column":4}},"12":{"start":{"line":18,"column":5},"end":{"line":18,"column":31}},"13":{"start":{"line":19,"column":5},"end":{"line":19,"column":73}},"14":{"start":{"line":21,"column":4},"end":{"line":23,"column":65}},"15":{"start":{"line":25,"column":4},"end":{"line":25,"column":11}},"16":{"start":{"line":29,"column":19},"end":{"line":42,"column":1}},"17":{"start":{"line":30,"column":2},"end":{"line":41,"column":3}},"18":{"start":{"line":31,"column":20},"end":{"line":31,"column":31}},"19":{"start":{"line":32,"column":20},"end":{"line":32,"column":65}},"20":{"start":{"line":33,"column":5},"end":{"line":35,"column":63}},"21":{"start":{"line":37,"column":5},"end":{"line":39,"column":6}},"22":{"start":{"line":38,"column":7},"end":{"line":38,"column":21}},"23":{"start":{"line":40,"column":4},"end":{"line":40,"column":11}},"24":{"start":{"line":44,"column":22},"end":{"line":55,"column":1}},"25":{"start":{"line":45,"column":2},"end":{"line":54,"column":3}},"26":{"start":{"line":46,"column":19},"end":{"line":46,"column":30}},"27":{"start":{"line":47,"column":20},"end":{"line":47,"column":71}},"28":{"start":{"line":48,"column":4},"end":{"line":50,"column":5}},"29":{"start":{"line":49,"column":6},"end":{"line":49,"column":74}},"30":{"start":{"line":51,"column":4},"end":{"line":51,"column":73}},"31":{"start":{"line":53,"column":4},"end":{"line":53,"column":11}},"32":{"start":{"line":57,"column":22},"end":{"line":72,"column":1}},"33":{"start":{"line":58,"column":2},"end":{"line":71,"column":3}},"34":{"start":{"line":59,"column":19},"end":{"line":59,"column":30}},"35":{"start":{"line":60,"column":20},"end":{"line":60,"column":81}},"36":{"start":{"line":61,"column":4},"end":{"line":65,"column":5}},"37":{"start":{"line":62,"column":6},"end":{"line":64,"column":66}},"38":{"start":{"line":66,"column":4},"end":{"line":68,"column":65}},"39":{"start":{"line":70,"column":4},"end":{"line":70,"column":11}},"40":{"start":{"line":74,"column":0},"end":{"line":80,"column":1}}},"fnMap":{"0":{"name":"(anonymous_0)","decl":{"start":{"line":3,"column":21},"end":{"line":3,"column":22}},"loc":{"start":{"line":3,"column":47},"end":{"line":11,"column":1}},"line":3},"1":{"name":"(anonymous_1)","decl":{"start":{"line":13,"column":23},"end":{"line":13,"column":24}},"loc":{"start":{"line":13,"column":49},"end":{"line":27,"column":1}},"line":13},"2":{"name":"(anonymous_2)","decl":{"start":{"line":29,"column":19},"end":{"line":29,"column":20}},"loc":{"start":{"line":29,"column":45},"end":{"line":42,"column":1}},"line":29},"3":{"name":"(anonymous_3)","decl":{"start":{"line":44,"column":22},"end":{"line":44,"column":23}},"loc":{"start":{"line":44,"column":48},"end":{"line":55,"column":1}},"line":44},"4":{"name":"(anonymous_4)","decl":{"start":{"line":57,"column":22},"end":{"line":57,"column":23}},"loc":{"start":{"line":57,"column":48},"end":{"line":72,"column":1}},"line":57}},"branchMap":{"0":{"loc":{"start":{"line":17,"column":3},"end":{"line":20,"column":4}},"type":"if","locations":[{"start":{"line":17,"column":3},"end":{"line":20,"column":4}},{"start":{"line":17,"column":3},"end":{"line":20,"column":4}}],"line":17},"1":{"loc":{"start":{"line":37,"column":5},"end":{"line":39,"column":6}},"type":"if","locations":[{"start":{"line":37,"column":5},"end":{"line":39,"column":6}},{"start":{"line":37,"column":5},"end":{"line":39,"column":6}}],"line":37},"2":{"loc":{"start":{"line":48,"column":4},"end":{"line":50,"column":5}},"type":"if","locations":[{"start":{"line":48,"column":4},"end":{"line":50,"column":5}},{"start":{"line":48,"column":4},"end":{"line":50,"column":5}}],"line":48},"3":{"loc":{"start":{"line":61,"column":4},"end":{"line":65,"column":5}},"type":"if","locations":[{"start":{"line":61,"column":4},"end":{"line":65,"column":5}},{"start":{"line":61,"column":4},"end":{"line":65,"column":5}}],"line":61}},"s":{"0":3,"1":3,"2":1,"3":1,"4":1,"5":1,"6":0,"7":3,"8":2,"9":2,"10":2,"11":2,"12":1,"13":1,"14":1,"15":0,"16":3,"17":1,"18":1,"19":1,"20":1,"21":0,"22":0,"23":0,"24":3,"25":0,"26":0,"27":0,"28":0,"29":0,"30":0,"31":0,"32":3,"33":3,"34":3,"35":3,"36":2,"37":1,"38":1,"39":1,"40":3},"f":{"0":1,"1":2,"2":1,"3":0,"4":3},"b":{"0":[1,1],"1":[0,0],"2":[0,0],"3":[1,1]},"_coverageSchema":"1a1c01bbd47fc00a2c39e90264f33305004495a9","hash":"af45fc4011c28ccda95f7b5cd32dd89490ae2bd8"}
,"D:\\node_home_work\\nodejs-homework-rest-api\\controllers\\users.js": {"path":"D:\\node_home_work\\nodejs-homework-rest-api\\controllers\\users.js","statementMap":{"0":{"start":{"line":1,"column":14},"end":{"line":1,"column":46}},"1":{"start":{"line":2,"column":21},"end":{"line":2,"column":52}},"2":{"start":{"line":3,"column":12},"end":{"line":3,"column":35}},"3":{"start":{"line":4,"column":11},"end":{"line":4,"column":33}},"4":{"start":{"line":5,"column":13},"end":{"line":5,"column":28}},"5":{"start":{"line":6,"column":0},"end":{"line":6,"column":26}},"6":{"start":{"line":8,"column":28},"end":{"line":8,"column":63}},"7":{"start":{"line":9,"column":19},"end":{"line":9,"column":41}},"8":{"start":{"line":11,"column":17},"end":{"line":34,"column":1}},"9":{"start":{"line":12,"column":2},"end":{"line":33,"column":3}},"10":{"start":{"line":13,"column":17},"end":{"line":13,"column":56}},"11":{"start":{"line":14,"column":4},"end":{"line":22,"column":5}},"12":{"start":{"line":15,"column":6},"end":{"line":21,"column":8}},"13":{"start":{"line":24,"column":48},"end":{"line":24,"column":76}},"14":{"start":{"line":26,"column":4},"end":{"line":30,"column":6}},"15":{"start":{"line":32,"column":4},"end":{"line":32,"column":11}},"16":{"start":{"line":36,"column":14},"end":{"line":55,"column":1}},"17":{"start":{"line":37,"column":2},"end":{"line":54,"column":3}},"18":{"start":{"line":38,"column":17},"end":{"line":38,"column":56}},"19":{"start":{"line":39,"column":28},"end":{"line":39,"column":74}},"20":{"start":{"line":40,"column":4},"end":{"line":46,"column":5}},"21":{"start":{"line":41,"column":6},"end":{"line":45,"column":8}},"22":{"start":{"line":47,"column":15},"end":{"line":47,"column":22}},"23":{"start":{"line":48,"column":20},"end":{"line":48,"column":44}},"24":{"start":{"line":49,"column":18},"end":{"line":49,"column":68}},"25":{"start":{"line":50,"column":4},"end":{"line":50,"column":38}},"26":{"start":{"line":51,"column":4},"end":{"line":51,"column":68}},"27":{"start":{"line":53,"column":4},"end":{"line":53,"column":11}},"28":{"start":{"line":57,"column":15},"end":{"line":65,"column":1}},"29":{"start":{"line":58,"column":13},"end":{"line":58,"column":24}},"30":{"start":{"line":59,"column":2},"end":{"line":64,"column":3}},"31":{"start":{"line":60,"column":4},"end":{"line":60,"column":37}},"32":{"start":{"line":61,"column":4},"end":{"line":61,"column":51}},"33":{"start":{"line":63,"column":4},"end":{"line":63,"column":11}},"34":{"start":{"line":67,"column":16},"end":{"line":84,"column":1}},"35":{"start":{"line":68,"column":2},"end":{"line":83,"column":3}},"36":{"start":{"line":69,"column":15},"end":{"line":69,"column":26}},"37":{"start":{"line":70,"column":20},"end":{"line":70,"column":72}},"38":{"start":{"line":71,"column":22},"end":{"line":71,"column":78}},"39":{"start":{"line":73,"column":4},"end":{"line":77,"column":5}},"40":{"start":{"line":74,"column":6},"end":{"line":74,"column":78}},"41":{"start":{"line":76,"column":6},"end":{"line":76,"column":28}},"42":{"start":{"line":79,"column":4},"end":{"line":79,"column":43}},"43":{"start":{"line":80,"column":4},"end":{"line":80,"column":67}},"44":{"start":{"line":82,"column":4},"end":{"line":82,"column":15}},"45":{"start":{"line":88,"column":0},"end":{"line":88,"column":53}}},"fnMap":{"0":{"name":"(anonymous_0)","decl":{"start":{"line":11,"column":17},"end":{"line":11,"column":18}},"loc":{"start":{"line":11,"column":43},"end":{"line":34,"column":1}},"line":11},"1":{"name":"(anonymous_1)","decl":{"start":{"line":36,"column":14},"end":{"line":36,"column":15}},"loc":{"start":{"line":36,"column":40},"end":{"line":55,"column":1}},"line":36},"2":{"name":"(anonymous_2)","decl":{"start":{"line":57,"column":15},"end":{"line":57,"column":16}},"loc":{"start":{"line":57,"column":41},"end":{"line":65,"column":1}},"line":57},"3":{"name":"(anonymous_3)","decl":{"start":{"line":67,"column":16},"end":{"line":67,"column":17}},"loc":{"start":{"line":67,"column":42},"end":{"line":84,"column":1}},"line":67}},"branchMap":{"0":{"loc":{"start":{"line":14,"column":4},"end":{"line":22,"column":5}},"type":"if","locations":[{"start":{"line":14,"column":4},"end":{"line":22,"column":5}},{"start":{"line":14,"column":4},"end":{"line":22,"column":5}}],"line":14},"1":{"loc":{"start":{"line":40,"column":4},"end":{"line":46,"column":5}},"type":"if","locations":[{"start":{"line":40,"column":4},"end":{"line":46,"column":5}},{"start":{"line":40,"column":4},"end":{"line":46,"column":5}}],"line":40},"2":{"loc":{"start":{"line":40,"column":8},"end":{"line":40,"column":33}},"type":"binary-expr","locations":[{"start":{"line":40,"column":8},"end":{"line":40,"column":13}},{"start":{"line":40,"column":17},"end":{"line":40,"column":33}}],"line":40}},"s":{"0":2,"1":2,"2":2,"3":2,"4":2,"5":2,"6":2,"7":2,"8":2,"9":2,"10":2,"11":2,"12":1,"13":1,"14":1,"15":0,"16":2,"17":1,"18":1,"19":1,"20":1,"21":0,"22":1,"23":1,"24":1,"25":1,"26":1,"27":0,"28":2,"29":0,"30":0,"31":0,"32":0,"33":0,"34":2,"35":0,"36":0,"37":0,"38":0,"39":0,"40":0,"41":0,"42":0,"43":0,"44":0,"45":2},"f":{"0":2,"1":1,"2":0,"3":0},"b":{"0":[1,1],"1":[0,1],"2":[1,1]},"_coverageSchema":"1a1c01bbd47fc00a2c39e90264f33305004495a9","hash":"177dbb6a791bfb1e62f8efce2858dd3216b5488d"}
,"D:\\node_home_work\\nodejs-homework-rest-api\\helpers\\constants.js": {"path":"D:\\node_home_work\\nodejs-homework-rest-api\\helpers\\constants.js","statementMap":{"0":{"start":{"line":1,"column":15},"end":{"line":5,"column":1}},"1":{"start":{"line":7,"column":17},"end":{"line":18,"column":1}},"2":{"start":{"line":20,"column":19},"end":{"line":30,"column":1}},"3":{"start":{"line":24,"column":4},"end":{"line":28,"column":8}},"4":{"start":{"line":32,"column":0},"end":{"line":32,"column":49}}},"fnMap":{"0":{"name":"(anonymous_0)","decl":{"start":{"line":23,"column":11},"end":{"line":23,"column":12}},"loc":{"start":{"line":23,"column":31},"end":{"line":29,"column":3}},"line":23}},"branchMap":{},"s":{"0":3,"1":3,"2":3,"3":0,"4":3},"f":{"0":0},"b":{},"_coverageSchema":"1a1c01bbd47fc00a2c39e90264f33305004495a9","hash":"9191f7d766f60b99b244ba5e5838db141ce7c6e6"}
,"D:\\node_home_work\\nodejs-homework-rest-api\\helpers\\create-folder.js": {"path":"D:\\node_home_work\\nodejs-homework-rest-api\\helpers\\create-folder.js","statementMap":{"0":{"start":{"line":1,"column":11},"end":{"line":1,"column":33}},"1":{"start":{"line":3,"column":21},"end":{"line":8,"column":1}},"2":{"start":{"line":4,"column":4},"end":{"line":7,"column":27}},"3":{"start":{"line":6,"column":20},"end":{"line":6,"column":24}},"4":{"start":{"line":7,"column":21},"end":{"line":7,"column":26}},"5":{"start":{"line":10,"column":31},"end":{"line":14,"column":1}},"6":{"start":{"line":11,"column":4},"end":{"line":13,"column":5}},"7":{"start":{"line":12,"column":8},"end":{"line":12,"column":30}},"8":{"start":{"line":16,"column":0},"end":{"line":16,"column":39}}},"fnMap":{"0":{"name":"(anonymous_0)","decl":{"start":{"line":3,"column":21},"end":{"line":3,"column":22}},"loc":{"start":{"line":3,"column":31},"end":{"line":8,"column":1}},"line":3},"1":{"name":"(anonymous_1)","decl":{"start":{"line":6,"column":14},"end":{"line":6,"column":15}},"loc":{"start":{"line":6,"column":20},"end":{"line":6,"column":24}},"line":6},"2":{"name":"(anonymous_2)","decl":{"start":{"line":7,"column":15},"end":{"line":7,"column":16}},"loc":{"start":{"line":7,"column":21},"end":{"line":7,"column":26}},"line":7},"3":{"name":"(anonymous_3)","decl":{"start":{"line":10,"column":31},"end":{"line":10,"column":32}},"loc":{"start":{"line":10,"column":49},"end":{"line":14,"column":1}},"line":10}},"branchMap":{"0":{"loc":{"start":{"line":11,"column":4},"end":{"line":13,"column":5}},"type":"if","locations":[{"start":{"line":11,"column":4},"end":{"line":13,"column":5}},{"start":{"line":11,"column":4},"end":{"line":13,"column":5}}],"line":11}},"s":{"0":2,"1":2,"2":0,"3":0,"4":0,"5":2,"6":0,"7":0,"8":2},"f":{"0":0,"1":0,"2":0,"3":0},"b":{"0":[0,0]},"_coverageSchema":"1a1c01bbd47fc00a2c39e90264f33305004495a9","hash":"7905c09582c02d0ce253ccc8f833856a9b6f230c"}
,"D:\\node_home_work\\nodejs-homework-rest-api\\helpers\\guard.js": {"path":"D:\\node_home_work\\nodejs-homework-rest-api\\helpers\\guard.js","statementMap":{"0":{"start":{"line":1,"column":17},"end":{"line":1,"column":36}},"1":{"start":{"line":2,"column":0},"end":{"line":2,"column":29}},"2":{"start":{"line":3,"column":21},"end":{"line":3,"column":43}},"3":{"start":{"line":5,"column":14},"end":{"line":24,"column":1}},"4":{"start":{"line":6,"column":2},"end":{"line":23,"column":20}},"5":{"start":{"line":7,"column":23},"end":{"line":7,"column":47}},"6":{"start":{"line":8,"column":16},"end":{"line":8,"column":20}},"7":{"start":{"line":9,"column":4},"end":{"line":11,"column":5}},"8":{"start":{"line":10,"column":6},"end":{"line":10,"column":38}},"9":{"start":{"line":13,"column":4},"end":{"line":19,"column":5}},"10":{"start":{"line":14,"column":6},"end":{"line":18,"column":8}},"11":{"start":{"line":21,"column":4},"end":{"line":21,"column":19}},"12":{"start":{"line":22,"column":4},"end":{"line":22,"column":17}},"13":{"start":{"line":26,"column":0},"end":{"line":26,"column":23}}},"fnMap":{"0":{"name":"(anonymous_0)","decl":{"start":{"line":5,"column":14},"end":{"line":5,"column":15}},"loc":{"start":{"line":5,"column":34},"end":{"line":24,"column":1}},"line":5},"1":{"name":"(anonymous_1)","decl":{"start":{"line":6,"column":51},"end":{"line":6,"column":52}},"loc":{"start":{"line":6,"column":66},"end":{"line":23,"column":3}},"line":6}},"branchMap":{"0":{"loc":{"start":{"line":9,"column":4},"end":{"line":11,"column":5}},"type":"if","locations":[{"start":{"line":9,"column":4},"end":{"line":11,"column":5}},{"start":{"line":9,"column":4},"end":{"line":11,"column":5}}],"line":9},"1":{"loc":{"start":{"line":13,"column":4},"end":{"line":19,"column":5}},"type":"if","locations":[{"start":{"line":13,"column":4},"end":{"line":19,"column":5}},{"start":{"line":13,"column":4},"end":{"line":19,"column":5}}],"line":13},"2":{"loc":{"start":{"line":13,"column":8},"end":{"line":13,"column":45}},"type":"binary-expr","locations":[{"start":{"line":13,"column":8},"end":{"line":13,"column":11}},{"start":{"line":13,"column":15},"end":{"line":13,"column":20}},{"start":{"line":13,"column":24},"end":{"line":13,"column":45}}],"line":13}},"s":{"0":3,"1":3,"2":3,"3":3,"4":7,"5":7,"6":7,"7":7,"8":7,"9":7,"10":2,"11":5,"12":5,"13":3},"f":{"0":7,"1":7},"b":{"0":[7,0],"1":[2,5],"2":[7,7,6]},"_coverageSchema":"1a1c01bbd47fc00a2c39e90264f33305004495a9","hash":"443d54dc9e65222f565d2234d7c48cda7f362a3b"}
,"D:\\node_home_work\\nodejs-homework-rest-api\\helpers\\upload.js": {"path":"D:\\node_home_work\\nodejs-homework-rest-api\\helpers\\upload.js","statementMap":{"0":{"start":{"line":1,"column":15},"end":{"line":1,"column":32}},"1":{"start":{"line":3,"column":0},"end":{"line":3,"column":26}},"2":{"start":{"line":4,"column":19},"end":{"line":4,"column":41}},"3":{"start":{"line":6,"column":16},"end":{"line":13,"column":2}},"4":{"start":{"line":8,"column":4},"end":{"line":8,"column":24}},"5":{"start":{"line":11,"column":4},"end":{"line":11,"column":61}},"6":{"start":{"line":15,"column":15},"end":{"line":27,"column":2}},"7":{"start":{"line":19,"column":8},"end":{"line":22,"column":9}},"8":{"start":{"line":20,"column":12},"end":{"line":20,"column":26}},"9":{"start":{"line":21,"column":12},"end":{"line":21,"column":18}},"10":{"start":{"line":23,"column":22},"end":{"line":23,"column":63}},"11":{"start":{"line":24,"column":8},"end":{"line":24,"column":26}},"12":{"start":{"line":25,"column":8},"end":{"line":25,"column":17}},"13":{"start":{"line":29,"column":0},"end":{"line":29,"column":23}}},"fnMap":{"0":{"name":"(anonymous_0)","decl":{"start":{"line":7,"column":15},"end":{"line":7,"column":16}},"loc":{"start":{"line":7,"column":40},"end":{"line":9,"column":3}},"line":7},"1":{"name":"(anonymous_1)","decl":{"start":{"line":10,"column":12},"end":{"line":10,"column":13}},"loc":{"start":{"line":10,"column":37},"end":{"line":12,"column":3}},"line":10},"2":{"name":"(anonymous_2)","decl":{"start":{"line":18,"column":16},"end":{"line":18,"column":17}},"loc":{"start":{"line":18,"column":35},"end":{"line":26,"column":5}},"line":18}},"branchMap":{"0":{"loc":{"start":{"line":19,"column":8},"end":{"line":22,"column":9}},"type":"if","locations":[{"start":{"line":19,"column":8},"end":{"line":22,"column":9}},{"start":{"line":19,"column":8},"end":{"line":22,"column":9}}],"line":19}},"s":{"0":2,"1":2,"2":2,"3":2,"4":0,"5":0,"6":2,"7":0,"8":0,"9":0,"10":0,"11":0,"12":0,"13":2},"f":{"0":0,"1":0,"2":0},"b":{"0":[0,0]},"_coverageSchema":"1a1c01bbd47fc00a2c39e90264f33305004495a9","hash":"8d1c824d1a014d39f368c453e9a6b606596fb018"}
,"D:\\node_home_work\\nodejs-homework-rest-api\\model\\contact.js": {"path":"D:\\node_home_work\\nodejs-homework-rest-api\\model\\contact.js","statementMap":{"0":{"start":{"line":1,"column":39},"end":{"line":1,"column":58}},"1":{"start":{"line":2,"column":25},"end":{"line":2,"column":56}},"2":{"start":{"line":4,"column":24},"end":{"line":34,"column":3}},"3":{"start":{"line":29,"column":8},"end":{"line":29,"column":22}},"4":{"start":{"line":30,"column":8},"end":{"line":30,"column":18}},"5":{"start":{"line":36,"column":0},"end":{"line":38,"column":2}},"6":{"start":{"line":37,"column":2},"end":{"line":37,"column":39}},"7":{"start":{"line":40,"column":0},"end":{"line":43,"column":2}},"8":{"start":{"line":41,"column":13},"end":{"line":41,"column":24}},"9":{"start":{"line":42,"column":2},"end":{"line":42,"column":31}},"10":{"start":{"line":45,"column":0},"end":{"line":45,"column":38}},"11":{"start":{"line":47,"column":16},"end":{"line":47,"column":47}},"12":{"start":{"line":49,"column":0},"end":{"line":49,"column":24}}},"fnMap":{"0":{"name":"(anonymous_0)","decl":{"start":{"line":28,"column":17},"end":{"line":28,"column":18}},"loc":{"start":{"line":28,"column":37},"end":{"line":31,"column":7}},"line":28},"1":{"name":"(anonymous_1)","decl":{"start":{"line":36,"column":34},"end":{"line":36,"column":35}},"loc":{"start":{"line":36,"column":46},"end":{"line":38,"column":1}},"line":36},"2":{"name":"(anonymous_2)","decl":{"start":{"line":40,"column":36},"end":{"line":40,"column":37}},"loc":{"start":{"line":40,"column":47},"end":{"line":43,"column":1}},"line":40}},"branchMap":{},"s":{"0":3,"1":3,"2":3,"3":0,"4":0,"5":3,"6":1,"7":3,"8":2,"9":2,"10":3,"11":3,"12":3},"f":{"0":0,"1":1,"2":2},"b":{},"_coverageSchema":"1a1c01bbd47fc00a2c39e90264f33305004495a9","hash":"9920141083895e608d745572af544b6b9de5d1b1"}
,"D:\\node_home_work\\nodejs-homework-rest-api\\model\\db.js": {"path":"D:\\node_home_work\\nodejs-homework-rest-api\\model\\db.js","statementMap":{"0":{"start":{"line":1,"column":17},"end":{"line":1,"column":36}},"1":{"start":{"line":2,"column":0},"end":{"line":2,"column":26}},"2":{"start":{"line":3,"column":12},"end":{"line":3,"column":16}},"3":{"start":{"line":5,"column":0},"end":{"line":9,"column":1}},"4":{"start":{"line":6,"column":4},"end":{"line":6,"column":35}},"5":{"start":{"line":8,"column":2},"end":{"line":8,"column":28}},"6":{"start":{"line":12,"column":11},"end":{"line":17,"column":2}},"7":{"start":{"line":19,"column":0},"end":{"line":31,"column":1}},"8":{"start":{"line":20,"column":2},"end":{"line":22,"column":4}},"9":{"start":{"line":21,"column":4},"end":{"line":21,"column":43}},"10":{"start":{"line":24,"column":2},"end":{"line":26,"column":4}},"11":{"start":{"line":25,"column":4},"end":{"line":25,"column":58}},"12":{"start":{"line":28,"column":2},"end":{"line":30,"column":4}},"13":{"start":{"line":29,"column":4},"end":{"line":29,"column":40}},"14":{"start":{"line":34,"column":0},"end":{"line":39,"column":2}},"15":{"start":{"line":35,"column":2},"end":{"line":38,"column":4}},"16":{"start":{"line":36,"column":4},"end":{"line":36,"column":46}},"17":{"start":{"line":37,"column":4},"end":{"line":37,"column":19}},"18":{"start":{"line":41,"column":0},"end":{"line":41,"column":19}}},"fnMap":{"0":{"name":"(anonymous_0)","decl":{"start":{"line":20,"column":38},"end":{"line":20,"column":39}},"loc":{"start":{"line":20,"column":44},"end":{"line":22,"column":3}},"line":20},"1":{"name":"(anonymous_1)","decl":{"start":{"line":24,"column":34},"end":{"line":24,"column":35}},"loc":{"start":{"line":24,"column":41},"end":{"line":26,"column":3}},"line":24},"2":{"name":"(anonymous_2)","decl":{"start":{"line":28,"column":41},"end":{"line":28,"column":42}},"loc":{"start":{"line":28,"column":48},"end":{"line":30,"column":3}},"line":28},"3":{"name":"(anonymous_3)","decl":{"start":{"line":34,"column":21},"end":{"line":34,"column":22}},"loc":{"start":{"line":34,"column":33},"end":{"line":39,"column":1}},"line":34},"4":{"name":"(anonymous_4)","decl":{"start":{"line":35,"column":28},"end":{"line":35,"column":29}},"loc":{"start":{"line":35,"column":34},"end":{"line":38,"column":3}},"line":35}},"branchMap":{"0":{"loc":{"start":{"line":5,"column":0},"end":{"line":9,"column":1}},"type":"if","locations":[{"start":{"line":5,"column":0},"end":{"line":9,"column":1}},{"start":{"line":5,"column":0},"end":{"line":9,"column":1}}],"line":5},"1":{"loc":{"start":{"line":19,"column":0},"end":{"line":31,"column":1}},"type":"if","locations":[{"start":{"line":19,"column":0},"end":{"line":31,"column":1}},{"start":{"line":19,"column":0},"end":{"line":31,"column":1}}],"line":19}},"s":{"0":2,"1":2,"2":2,"3":2,"4":2,"5":0,"6":2,"7":2,"8":0,"9":0,"10":0,"11":0,"12":0,"13":0,"14":2,"15":0,"16":0,"17":0,"18":2},"f":{"0":0,"1":0,"2":0,"3":0,"4":0},"b":{"0":[2,0],"1":[0,2]},"_coverageSchema":"1a1c01bbd47fc00a2c39e90264f33305004495a9","hash":"006564fec7b4549b03df5ae6a35d0cf9249768d0"}
,"D:\\node_home_work\\nodejs-homework-rest-api\\model\\user.js": {"path":"D:\\node_home_work\\nodejs-homework-rest-api\\model\\user.js","statementMap":{"0":{"start":{"line":1,"column":26},"end":{"line":1,"column":45}},"1":{"start":{"line":2,"column":11},"end":{"line":2,"column":30}},"2":{"start":{"line":3,"column":19},"end":{"line":3,"column":50}},"3":{"start":{"line":4,"column":15},"end":{"line":4,"column":34}},"4":{"start":{"line":5,"column":25},"end":{"line":5,"column":26}},"5":{"start":{"line":7,"column":21},"end":{"line":42,"column":1}},"6":{"start":{"line":23,"column":19},"end":{"line":23,"column":34}},"7":{"start":{"line":24,"column":8},"end":{"line":24,"column":51}},"8":{"start":{"line":32,"column":8},"end":{"line":32,"column":51}},"9":{"start":{"line":45,"column":0},"end":{"line":51,"column":2}},"10":{"start":{"line":46,"column":2},"end":{"line":49,"column":3}},"11":{"start":{"line":47,"column":17},"end":{"line":47,"column":55}},"12":{"start":{"line":48,"column":4},"end":{"line":48,"column":58}},"13":{"start":{"line":50,"column":2},"end":{"line":50,"column":8}},"14":{"start":{"line":53,"column":0},"end":{"line":55,"column":1}},"15":{"start":{"line":54,"column":2},"end":{"line":54,"column":54}},"16":{"start":{"line":57,"column":13},"end":{"line":57,"column":38}},"17":{"start":{"line":59,"column":0},"end":{"line":59,"column":21}}},"fnMap":{"0":{"name":"(anonymous_0)","decl":{"start":{"line":22,"column":6},"end":{"line":22,"column":7}},"loc":{"start":{"line":22,"column":22},"end":{"line":25,"column":7}},"line":22},"1":{"name":"(anonymous_1)","decl":{"start":{"line":31,"column":15},"end":{"line":31,"column":16}},"loc":{"start":{"line":31,"column":27},"end":{"line":33,"column":7}},"line":31},"2":{"name":"(anonymous_2)","decl":{"start":{"line":45,"column":23},"end":{"line":45,"column":24}},"loc":{"start":{"line":45,"column":45},"end":{"line":51,"column":1}},"line":45},"3":{"name":"(anonymous_3)","decl":{"start":{"line":53,"column":37},"end":{"line":53,"column":38}},"loc":{"start":{"line":53,"column":63},"end":{"line":55,"column":1}},"line":53}},"branchMap":{"0":{"loc":{"start":{"line":46,"column":2},"end":{"line":49,"column":3}},"type":"if","locations":[{"start":{"line":46,"column":2},"end":{"line":49,"column":3}},{"start":{"line":46,"column":2},"end":{"line":49,"column":3}}],"line":46}},"s":{"0":3,"1":3,"2":3,"3":3,"4":3,"5":3,"6":2,"7":2,"8":2,"9":3,"10":2,"11":2,"12":2,"13":2,"14":3,"15":1,"16":3,"17":3},"f":{"0":2,"1":2,"2":2,"3":1},"b":{"0":[2,0]},"_coverageSchema":"1a1c01bbd47fc00a2c39e90264f33305004495a9","hash":"207ffd136ecb36260d9ed6d3d5c56066464826f7"}
,"D:\\node_home_work\\nodejs-homework-rest-api\\repositories\\contacts.js": {"path":"D:\\node_home_work\\nodejs-homework-rest-api\\repositories\\contacts.js","statementMap":{"0":{"start":{"line":1,"column":16},"end":{"line":1,"column":43}},"1":{"start":{"line":3,"column":21},"end":{"line":30,"column":1}},"2":{"start":{"line":12,"column":6},"end":{"line":12,"column":11}},"3":{"start":{"line":14,"column":24},"end":{"line":14,"column":41}},"4":{"start":{"line":15,"column":2},"end":{"line":17,"column":3}},"5":{"start":{"line":16,"column":2},"end":{"line":16,"column":35}},"6":{"start":{"line":19,"column":18},"end":{"line":28,"column":4}},"7":{"start":{"line":29,"column":2},"end":{"line":29,"column":16}},"8":{"start":{"line":32,"column":23},"end":{"line":38,"column":1}},"9":{"start":{"line":33,"column":17},"end":{"line":36,"column":4}},"10":{"start":{"line":37,"column":2},"end":{"line":37,"column":15}},"11":{"start":{"line":40,"column":22},"end":{"line":43,"column":1}},"12":{"start":{"line":41,"column":17},"end":{"line":41,"column":75}},"13":{"start":{"line":42,"column":2},"end":{"line":42,"column":15}},"14":{"start":{"line":45,"column":19},"end":{"line":48,"column":1}},"15":{"start":{"line":46,"column":17},"end":{"line":46,"column":65}},"16":{"start":{"line":47,"column":2},"end":{"line":47,"column":15}},"17":{"start":{"line":50,"column":22},"end":{"line":57,"column":1}},"18":{"start":{"line":51,"column":17},"end":{"line":55,"column":3}},"19":{"start":{"line":56,"column":2},"end":{"line":56,"column":15}},"20":{"start":{"line":59,"column":0},"end":{"line":65,"column":1}}},"fnMap":{"0":{"name":"(anonymous_0)","decl":{"start":{"line":3,"column":21},"end":{"line":3,"column":22}},"loc":{"start":{"line":3,"column":46},"end":{"line":30,"column":1}},"line":3},"1":{"name":"(anonymous_1)","decl":{"start":{"line":32,"column":23},"end":{"line":32,"column":24}},"loc":{"start":{"line":32,"column":45},"end":{"line":38,"column":1}},"line":32},"2":{"name":"(anonymous_2)","decl":{"start":{"line":40,"column":22},"end":{"line":40,"column":23}},"loc":{"start":{"line":40,"column":44},"end":{"line":43,"column":1}},"line":40},"3":{"name":"(anonymous_3)","decl":{"start":{"line":45,"column":19},"end":{"line":45,"column":20}},"loc":{"start":{"line":45,"column":43},"end":{"line":48,"column":1}},"line":45},"4":{"name":"(anonymous_4)","decl":{"start":{"line":50,"column":22},"end":{"line":50,"column":23}},"loc":{"start":{"line":50,"column":50},"end":{"line":57,"column":1}},"line":50}},"branchMap":{"0":{"loc":{"start":{"line":9,"column":4},"end":{"line":9,"column":19}},"type":"default-arg","locations":[{"start":{"line":9,"column":15},"end":{"line":9,"column":19}}],"line":9},"1":{"loc":{"start":{"line":10,"column":4},"end":{"line":10,"column":13}},"type":"default-arg","locations":[{"start":{"line":10,"column":12},"end":{"line":10,"column":13}}],"line":10},"2":{"loc":{"start":{"line":11,"column":4},"end":{"line":11,"column":14}},"type":"default-arg","locations":[{"start":{"line":11,"column":13},"end":{"line":11,"column":14}}],"line":11},"3":{"loc":{"start":{"line":15,"column":2},"end":{"line":17,"column":3}},"type":"if","locations":[{"start":{"line":15,"column":2},"end":{"line":17,"column":3}},{"start":{"line":15,"column":2},"end":{"line":17,"column":3}}],"line":15},"4":{"loc":{"start":{"line":23,"column":10},"end":{"line":23,"column":44}},"type":"cond-expr","locations":[{"start":{"line":23,"column":19},"end":{"line":23,"column":39}},{"start":{"line":23,"column":42},"end":{"line":23,"column":44}}],"line":23},"5":{"loc":{"start":{"line":24,"column":10},"end":{"line":24,"column":53}},"type":"cond-expr","locations":[{"start":{"line":24,"column":23},"end":{"line":24,"column":48}},{"start":{"line":24,"column":51},"end":{"line":24,"column":53}}],"line":24},"6":{"loc":{"start":{"line":26,"column":12},"end":{"line":26,"column":53}},"type":"cond-expr","locations":[{"start":{"line":26,"column":21},"end":{"line":26,"column":48}},{"start":{"line":26,"column":51},"end":{"line":26,"column":53}}],"line":26}},"s":{"0":3,"1":3,"2":1,"3":1,"4":1,"5":0,"6":1,"7":1,"8":3,"9":2,"10":2,"11":3,"12":0,"13":0,"14":3,"15":1,"16":1,"17":3,"18":0,"19":0,"20":3},"f":{"0":1,"1":2,"2":0,"3":1,"4":0},"b":{"0":[1],"1":[1],"2":[1],"3":[0,1],"4":[0,1],"5":[0,1],"6":[0,1]},"_coverageSchema":"1a1c01bbd47fc00a2c39e90264f33305004495a9","hash":"254b130fb78433f1cffca4599a801ef34b38eb2e"}
,"D:\\node_home_work\\nodejs-homework-rest-api\\repositories\\users.js": {"path":"D:\\node_home_work\\nodejs-homework-rest-api\\repositories\\users.js","statementMap":{"0":{"start":{"line":1,"column":13},"end":{"line":1,"column":37}},"1":{"start":{"line":3,"column":17},"end":{"line":5,"column":1}},"2":{"start":{"line":4,"column":4},"end":{"line":4,"column":34}},"3":{"start":{"line":7,"column":20},"end":{"line":9,"column":1}},"4":{"start":{"line":8,"column":4},"end":{"line":8,"column":41}},"5":{"start":{"line":11,"column":15},"end":{"line":14,"column":1}},"6":{"start":{"line":12,"column":17},"end":{"line":12,"column":31}},"7":{"start":{"line":13,"column":4},"end":{"line":13,"column":28}},"8":{"start":{"line":16,"column":20},"end":{"line":18,"column":1}},"9":{"start":{"line":17,"column":4},"end":{"line":17,"column":55}},"10":{"start":{"line":20,"column":21},"end":{"line":22,"column":1}},"11":{"start":{"line":21,"column":4},"end":{"line":21,"column":56}},"12":{"start":{"line":24,"column":0},"end":{"line":30,"column":1}}},"fnMap":{"0":{"name":"(anonymous_0)","decl":{"start":{"line":3,"column":17},"end":{"line":3,"column":18}},"loc":{"start":{"line":3,"column":31},"end":{"line":5,"column":1}},"line":3},"1":{"name":"(anonymous_1)","decl":{"start":{"line":7,"column":20},"end":{"line":7,"column":21}},"loc":{"start":{"line":7,"column":37},"end":{"line":9,"column":1}},"line":7},"2":{"name":"(anonymous_2)","decl":{"start":{"line":11,"column":15},"end":{"line":11,"column":16}},"loc":{"start":{"line":11,"column":31},"end":{"line":14,"column":1}},"line":11},"3":{"name":"(anonymous_3)","decl":{"start":{"line":16,"column":20},"end":{"line":16,"column":21}},"loc":{"start":{"line":16,"column":41},"end":{"line":18,"column":1}},"line":16},"4":{"name":"(anonymous_4)","decl":{"start":{"line":20,"column":21},"end":{"line":20,"column":22}},"loc":{"start":{"line":20,"column":43},"end":{"line":22,"column":1}},"line":20}},"branchMap":{},"s":{"0":3,"1":3,"2":4,"3":3,"4":3,"5":3,"6":1,"7":1,"8":3,"9":2,"10":3,"11":0,"12":3},"f":{"0":4,"1":3,"2":1,"3":2,"4":0},"b":{},"_coverageSchema":"1a1c01bbd47fc00a2c39e90264f33305004495a9","hash":"33bb76c04d227f5af5631645e2fc055cb647a573"}
,"D:\\node_home_work\\nodejs-homework-rest-api\\routes\\api\\index.js": {"path":"D:\\node_home_work\\nodejs-homework-rest-api\\routes\\api\\index.js","statementMap":{"0":{"start":{"line":1,"column":16},"end":{"line":1,"column":34}},"1":{"start":{"line":2,"column":15},"end":{"line":2,"column":31}},"2":{"start":{"line":4,"column":0},"end":{"line":4,"column":40}},"3":{"start":{"line":5,"column":0},"end":{"line":5,"column":46}},"4":{"start":{"line":7,"column":0},"end":{"line":7,"column":23}}},"fnMap":{},"branchMap":{},"s":{"0":2,"1":2,"2":2,"3":2,"4":2},"f":{},"b":{},"_coverageSchema":"1a1c01bbd47fc00a2c39e90264f33305004495a9","hash":"9718594143bc404ed78472b8e405fbd75208c80a"}
,"D:\\node_home_work\\nodejs-homework-rest-api\\routes\\api\\contacts\\index.js": {"path":"D:\\node_home_work\\nodejs-homework-rest-api\\routes\\api\\contacts\\index.js","statementMap":{"0":{"start":{"line":1,"column":16},"end":{"line":1,"column":34}},"1":{"start":{"line":2,"column":15},"end":{"line":2,"column":31}},"2":{"start":{"line":3,"column":13},"end":{"line":3,"column":53}},"3":{"start":{"line":4,"column":14},"end":{"line":4,"column":47}},"4":{"start":{"line":12,"column":4},"end":{"line":12,"column":27}},"5":{"start":{"line":14,"column":0},"end":{"line":17,"column":2}},"6":{"start":{"line":15,"column":2},"end":{"line":15,"column":23}},"7":{"start":{"line":16,"column":2},"end":{"line":16,"column":8}},"8":{"start":{"line":19,"column":0},"end":{"line":21,"column":61}},"9":{"start":{"line":23,"column":0},"end":{"line":26,"column":83}},"10":{"start":{"line":28,"column":0},"end":{"line":29,"column":76}},"11":{"start":{"line":31,"column":0},"end":{"line":31,"column":23}}},"fnMap":{"0":{"name":"(anonymous_0)","decl":{"start":{"line":14,"column":11},"end":{"line":14,"column":12}},"loc":{"start":{"line":14,"column":31},"end":{"line":17,"column":1}},"line":14}},"branchMap":{},"s":{"0":2,"1":2,"2":2,"3":2,"4":2,"5":2,"6":4,"7":4,"8":2,"9":2,"10":2,"11":2},"f":{"0":4},"b":{},"_coverageSchema":"1a1c01bbd47fc00a2c39e90264f33305004495a9","hash":"52149ceda273a3daf804ec2138981a0e9cc37f20"}
,"D:\\node_home_work\\nodejs-homework-rest-api\\routes\\api\\contacts\\validation.js": {"path":"D:\\node_home_work\\nodejs-homework-rest-api\\routes\\api\\contacts\\validation.js","statementMap":{"0":{"start":{"line":1,"column":12},"end":{"line":1,"column":26}},"1":{"start":{"line":2,"column":17},"end":{"line":2,"column":36}},"2":{"start":{"line":3,"column":28},"end":{"line":8,"column":2}},"3":{"start":{"line":10,"column":28},"end":{"line":15,"column":43}},"4":{"start":{"line":17,"column":34},"end":{"line":19,"column":2}},"5":{"start":{"line":22,"column":17},"end":{"line":32,"column":1}},"6":{"start":{"line":23,"column":4},"end":{"line":31,"column":6}},"7":{"start":{"line":24,"column":8},"end":{"line":24,"column":39}},"8":{"start":{"line":25,"column":8},"end":{"line":25,"column":14}},"9":{"start":{"line":27,"column":8},"end":{"line":30,"column":10}},"10":{"start":{"line":34,"column":0},"end":{"line":53,"column":1}},"11":{"start":{"line":36,"column":8},"end":{"line":36,"column":60}},"12":{"start":{"line":39,"column":8},"end":{"line":39,"column":60}},"13":{"start":{"line":42,"column":8},"end":{"line":42,"column":66}},"14":{"start":{"line":45,"column":8},"end":{"line":50,"column":9}},"15":{"start":{"line":46,"column":14},"end":{"line":49,"column":10}},"16":{"start":{"line":51,"column":8},"end":{"line":51,"column":14}}},"fnMap":{"0":{"name":"(anonymous_0)","decl":{"start":{"line":22,"column":17},"end":{"line":22,"column":18}},"loc":{"start":{"line":22,"column":46},"end":{"line":32,"column":1}},"line":22},"1":{"name":"(anonymous_1)","decl":{"start":{"line":35,"column":29},"end":{"line":35,"column":30}},"loc":{"start":{"line":35,"column":49},"end":{"line":37,"column":5}},"line":35},"2":{"name":"(anonymous_2)","decl":{"start":{"line":38,"column":29},"end":{"line":38,"column":30}},"loc":{"start":{"line":38,"column":49},"end":{"line":40,"column":5}},"line":38},"3":{"name":"(anonymous_3)","decl":{"start":{"line":41,"column":35},"end":{"line":41,"column":36}},"loc":{"start":{"line":41,"column":55},"end":{"line":43,"column":5}},"line":41},"4":{"name":"(anonymous_4)","decl":{"start":{"line":44,"column":21},"end":{"line":44,"column":22}},"loc":{"start":{"line":44,"column":41},"end":{"line":52,"column":5}},"line":44}},"branchMap":{"0":{"loc":{"start":{"line":45,"column":8},"end":{"line":50,"column":9}},"type":"if","locations":[{"start":{"line":45,"column":8},"end":{"line":50,"column":9}},{"start":{"line":45,"column":8},"end":{"line":50,"column":9}}],"line":45}},"s":{"0":2,"1":2,"2":2,"3":2,"4":2,"5":2,"6":1,"7":1,"8":1,"9":0,"10":2,"11":1,"12":0,"13":0,"14":2,"15":0,"16":2},"f":{"0":1,"1":1,"2":0,"3":0,"4":2},"b":{"0":[0,2]},"_coverageSchema":"1a1c01bbd47fc00a2c39e90264f33305004495a9","hash":"185608c9f2965f4e8b3bb26856aef94aabfd1dfe"}
,"D:\\node_home_work\\nodejs-homework-rest-api\\routes\\api\\users\\index.js": {"path":"D:\\node_home_work\\nodejs-homework-rest-api\\routes\\api\\users\\index.js","statementMap":{"0":{"start":{"line":1,"column":16},"end":{"line":1,"column":34}},"1":{"start":{"line":2,"column":15},"end":{"line":2,"column":31}},"2":{"start":{"line":3,"column":13},"end":{"line":3,"column":50}},"3":{"start":{"line":4,"column":14},"end":{"line":4,"column":47}},"4":{"start":{"line":5,"column":15},"end":{"line":5,"column":49}},"5":{"start":{"line":7,"column":0},"end":{"line":7,"column":39}},"6":{"start":{"line":8,"column":0},"end":{"line":8,"column":33}},"7":{"start":{"line":9,"column":0},"end":{"line":9,"column":42}},"8":{"start":{"line":10,"column":0},"end":{"line":10,"column":70}},"9":{"start":{"line":12,"column":0},"end":{"line":12,"column":23}}},"fnMap":{},"branchMap":{},"s":{"0":2,"1":2,"2":2,"3":2,"4":2,"5":2,"6":2,"7":2,"8":2,"9":2},"f":{},"b":{},"_coverageSchema":"1a1c01bbd47fc00a2c39e90264f33305004495a9","hash":"43ff374d1272ac3113c303bf5e8815cf24c0fe28"}
,"D:\\node_home_work\\nodejs-homework-rest-api\\servises\\local-upload.js": {"path":"D:\\node_home_work\\nodejs-homework-rest-api\\servises\\local-upload.js","statementMap":{"0":{"start":{"line":1,"column":13},"end":{"line":1,"column":28}},"1":{"start":{"line":2,"column":13},"end":{"line":2,"column":28}},"2":{"start":{"line":3,"column":11},"end":{"line":3,"column":33}},"3":{"start":{"line":4,"column":31},"end":{"line":4,"column":66}},"4":{"start":{"line":8,"column":8},"end":{"line":8,"column":42}},"5":{"start":{"line":12,"column":20},"end":{"line":12,"column":45}},"6":{"start":{"line":13,"column":8},"end":{"line":18,"column":33}},"7":{"start":{"line":22,"column":8},"end":{"line":22,"column":45}},"8":{"start":{"line":23,"column":33},"end":{"line":23,"column":70}},"9":{"start":{"line":24,"column":8},"end":{"line":24,"column":54}},"10":{"start":{"line":25,"column":8},"end":{"line":25,"column":78}},"11":{"start":{"line":26,"column":8},"end":{"line":26,"column":63}},"12":{"start":{"line":30,"column":0},"end":{"line":30,"column":36}}},"fnMap":{"0":{"name":"(anonymous_0)","decl":{"start":{"line":7,"column":4},"end":{"line":7,"column":5}},"loc":{"start":{"line":7,"column":31},"end":{"line":9,"column":5}},"line":7},"1":{"name":"(anonymous_1)","decl":{"start":{"line":11,"column":4},"end":{"line":11,"column":5}},"loc":{"start":{"line":11,"column":36},"end":{"line":19,"column":6}},"line":11},"2":{"name":"(anonymous_2)","decl":{"start":{"line":21,"column":4},"end":{"line":21,"column":5}},"loc":{"start":{"line":21,"column":39},"end":{"line":27,"column":5}},"line":21}},"branchMap":{},"s":{"0":2,"1":2,"2":2,"3":2,"4":0,"5":0,"6":0,"7":0,"8":0,"9":0,"10":0,"11":0,"12":2},"f":{"0":0,"1":0,"2":0},"b":{},"_coverageSchema":"1a1c01bbd47fc00a2c39e90264f33305004495a9","hash":"64ef2792b4cfaaf80a82e7c07e5a37961553364c"}
,"D:\\node_home_work\\nodejs-homework-rest-api\\test\\data\\data.js": {"path":"D:\\node_home_work\\nodejs-homework-rest-api\\test\\data\\data.js","statementMap":{"0":{"start":{"line":1,"column":19},"end":{"line":5,"column":1}},"1":{"start":{"line":7,"column":16},"end":{"line":12,"column":1}},"2":{"start":{"line":14,"column":20},"end":{"line":19,"column":1}},"3":{"start":{"line":21,"column":0},"end":{"line":21,"column":54}}},"fnMap":{},"branchMap":{},"s":{"0":2,"1":2,"2":2,"3":2},"f":{},"b":{},"_coverageSchema":"1a1c01bbd47fc00a2c39e90264f33305004495a9","hash":"ca18aafef09956cc276fefba2ed53e59b0019a86"}
}
