TN:
SF:app.js
FN:28,(anonymous_0)
FN:33,(anonymous_1)
FN:44,(anonymous_2)
FNF:3
FNH:0
FNDA:0,(anonymous_0)
FNDA:0,(anonymous_1)
FNDA:0,(anonymous_2)
DA:1,2
DA:2,2
DA:3,2
DA:4,2
DA:5,2
DA:6,2
DA:7,2
DA:8,2
DA:9,2
DA:10,2
DA:12,2
DA:14,2
DA:16,2
DA:17,2
DA:18,2
DA:19,2
DA:20,2
DA:21,2
DA:23,2
DA:25,2
DA:28,2
DA:29,0
DA:33,2
DA:34,0
DA:35,0
DA:44,2
DA:45,0
DA:48,2
LF:28
LH:24
BRDA:14,0,0,0
BRDA:14,0,1,2
BRDA:18,1,0,2
BRDA:18,1,1,0
BRDA:34,2,0,0
BRDA:34,2,1,0
BRDA:38,3,0,0
BRDA:38,3,1,0
BRF:8
BRH:2
end_of_record
TN:
SF:config\passport.js
FN:12,(anonymous_0)
FNF:1
FNH:1
FNDA:4,(anonymous_0)
DA:1,3
DA:2,3
DA:3,3
DA:4,3
DA:5,3
DA:7,3
DA:8,3
DA:9,3
DA:11,3
DA:13,4
DA:14,4
DA:15,4
DA:16,0
DA:18,4
DA:19,0
DA:21,4
DA:23,0
LF:17
LH:14
BRDA:15,0,0,0
BRDA:15,0,1,4
BRDA:18,1,0,0
BRDA:18,1,1,4
BRF:4
BRH:2
end_of_record
TN:
SF:controllers\contacts.js
FN:3,(anonymous_0)
FN:13,(anonymous_1)
FN:29,(anonymous_2)
FN:44,(anonymous_3)
FN:57,(anonymous_4)
FNF:5
FNH:4
FNDA:1,(anonymous_0)
FNDA:2,(anonymous_1)
FNDA:1,(anonymous_2)
FNDA:0,(anonymous_3)
FNDA:3,(anonymous_4)
DA:1,3
DA:3,3
DA:4,1
DA:5,1
DA:6,1
DA:7,1
DA:9,0
DA:13,3
DA:14,2
DA:15,2
DA:16,2
DA:17,2
DA:18,1
DA:19,1
DA:21,1
DA:25,0
DA:29,3
DA:30,1
DA:31,1
DA:32,1
DA:33,1
DA:37,0
DA:38,0
DA:40,0
DA:44,3
DA:45,0
DA:46,0
DA:47,0
DA:48,0
DA:49,0
DA:51,0
DA:53,0
DA:57,3
DA:58,3
DA:59,3
DA:60,3
DA:61,2
DA:62,1
DA:66,1
DA:70,1
DA:74,3
LF:41
LH:29
BRDA:17,0,0,1
BRDA:17,0,1,1
BRDA:37,1,0,0
BRDA:37,1,1,0
BRDA:48,2,0,0
BRDA:48,2,1,0
BRDA:61,3,0,1
BRDA:61,3,1,1
BRF:8
BRH:4
end_of_record
TN:
SF:controllers\users.js
FN:11,(anonymous_0)
FN:36,(anonymous_1)
FN:57,(anonymous_2)
FN:67,(anonymous_3)
FNF:4
FNH:2
FNDA:2,(anonymous_0)
FNDA:1,(anonymous_1)
FNDA:0,(anonymous_2)
FNDA:0,(anonymous_3)
DA:1,2
DA:2,2
DA:3,2
DA:4,2
DA:5,2
DA:6,2
DA:8,2
DA:9,2
DA:11,2
DA:12,2
DA:13,2
DA:14,2
DA:15,1
DA:24,1
DA:26,1
DA:32,0
DA:36,2
DA:37,1
DA:38,1
DA:39,1
DA:40,1
DA:41,0
DA:47,1
DA:48,1
DA:49,1
DA:50,1
DA:51,1
DA:53,0
DA:57,2
DA:58,0
DA:59,0
DA:60,0
DA:61,0
DA:63,0
DA:67,2
DA:68,0
DA:69,0
DA:70,0
DA:71,0
DA:73,0
DA:74,0
DA:76,0
DA:79,0
DA:80,0
DA:82,0
DA:88,2
LF:46
LH:28
BRDA:14,0,0,1
BRDA:14,0,1,1
BRDA:40,1,0,0
BRDA:40,1,1,1
BRDA:40,2,0,1
BRDA:40,2,1,1
BRF:6
BRH:5
end_of_record
TN:
SF:helpers\constants.js
FN:23,(anonymous_0)
FNF:1
FNH:0
FNDA:0,(anonymous_0)
DA:1,3
DA:7,3
DA:20,3
DA:24,0
DA:32,3
LF:5
LH:4
BRF:0
BRH:0
end_of_record
TN:
SF:helpers\create-folder.js
FN:3,(anonymous_0)
FN:6,(anonymous_1)
FN:7,(anonymous_2)
FN:10,(anonymous_3)
FNF:4
FNH:0
FNDA:0,(anonymous_0)
FNDA:0,(anonymous_1)
FNDA:0,(anonymous_2)
FNDA:0,(anonymous_3)
DA:1,2
DA:3,2
DA:4,0
DA:6,0
DA:7,0
DA:10,2
DA:11,0
DA:12,0
DA:16,2
LF:9
LH:4
BRDA:11,0,0,0
BRDA:11,0,1,0
BRF:2
BRH:0
end_of_record
TN:
SF:helpers\guard.js
FN:5,(anonymous_0)
FN:6,(anonymous_1)
FNF:2
FNH:2
FNDA:7,(anonymous_0)
FNDA:7,(anonymous_1)
DA:1,3
DA:2,3
DA:3,3
DA:5,3
DA:6,7
DA:7,7
DA:8,7
DA:9,7
DA:10,7
DA:13,7
DA:14,2
DA:21,5
DA:22,5
DA:26,3
LF:14
LH:14
BRDA:9,0,0,7
BRDA:9,0,1,0
BRDA:13,1,0,2
BRDA:13,1,1,5
BRDA:13,2,0,7
BRDA:13,2,1,7
BRDA:13,2,2,6
BRF:7
BRH:6
end_of_record
TN:
SF:helpers\upload.js
FN:7,(anonymous_0)
FN:10,(anonymous_1)
FN:18,(anonymous_2)
FNF:3
FNH:0
FNDA:0,(anonymous_0)
FNDA:0,(anonymous_1)
FNDA:0,(anonymous_2)
DA:1,2
DA:3,2
DA:4,2
DA:6,2
DA:8,0
DA:11,0
DA:15,2
DA:19,0
DA:20,0
DA:21,0
DA:23,0
DA:24,0
DA:25,0
DA:29,2
LF:14
LH:6
BRDA:19,0,0,0
BRDA:19,0,1,0
BRF:2
BRH:0
end_of_record
TN:
SF:model\contact.js
FN:28,(anonymous_0)
FN:36,(anonymous_1)
FN:40,(anonymous_2)
FNF:3
FNH:2
FNDA:0,(anonymous_0)
FNDA:1,(anonymous_1)
FNDA:2,(anonymous_2)
DA:1,3
DA:2,3
DA:4,3
DA:29,0
DA:30,0
DA:36,3
DA:37,1
DA:40,3
DA:41,2
DA:42,2
DA:45,3
DA:47,3
DA:49,3
LF:13
LH:11
BRF:0
BRH:0
end_of_record
TN:
SF:model\db.js
FN:20,(anonymous_0)
FN:24,(anonymous_1)
FN:28,(anonymous_2)
FN:34,(anonymous_3)
FN:35,(anonymous_4)
FNF:5
FNH:0
FNDA:0,(anonymous_0)
FNDA:0,(anonymous_1)
FNDA:0,(anonymous_2)
FNDA:0,(anonymous_3)
FNDA:0,(anonymous_4)
DA:1,2
DA:2,2
DA:3,2
DA:5,2
DA:6,2
DA:8,0
DA:12,2
DA:19,2
DA:20,0
DA:21,0
DA:24,0
DA:25,0
DA:28,0
DA:29,0
DA:34,2
DA:35,0
DA:36,0
DA:37,0
DA:41,2
LF:19
LH:9
BRDA:5,0,0,2
BRDA:5,0,1,0
BRDA:19,1,0,0
BRDA:19,1,1,2
BRF:4
BRH:2
end_of_record
TN:
SF:model\user.js
FN:22,(anonymous_0)
FN:31,(anonymous_1)
FN:45,(anonymous_2)
FN:53,(anonymous_3)
FNF:4
FNH:4
FNDA:2,(anonymous_0)
FNDA:2,(anonymous_1)
FNDA:2,(anonymous_2)
FNDA:1,(anonymous_3)
DA:1,3
DA:2,3
DA:3,3
DA:4,3
DA:5,3
DA:7,3
DA:23,2
DA:24,2
DA:32,2
DA:45,3
DA:46,2
DA:47,2
DA:48,2
DA:50,2
DA:53,3
DA:54,1
DA:57,3
DA:59,3
LF:18
LH:18
BRDA:46,0,0,2
BRDA:46,0,1,0
BRF:2
BRH:1
end_of_record
TN:
SF:repositories\contacts.js
FN:3,(anonymous_0)
FN:32,(anonymous_1)
FN:40,(anonymous_2)
FN:45,(anonymous_3)
FN:50,(anonymous_4)
FNF:5
FNH:3
FNDA:1,(anonymous_0)
FNDA:2,(anonymous_1)
FNDA:0,(anonymous_2)
FNDA:1,(anonymous_3)
FNDA:0,(anonymous_4)
DA:1,3
DA:3,3
DA:12,1
DA:14,1
DA:15,1
DA:16,0
DA:19,1
DA:29,1
DA:32,3
DA:33,2
DA:37,2
DA:40,3
DA:41,0
DA:42,0
DA:45,3
DA:46,1
DA:47,1
DA:50,3
DA:51,0
DA:56,0
DA:59,3
LF:21
LH:16
BRDA:9,0,0,1
BRDA:10,1,0,1
BRDA:11,2,0,1
BRDA:15,3,0,0
BRDA:15,3,1,1
BRDA:23,4,0,0
BRDA:23,4,1,1
BRDA:24,5,0,0
BRDA:24,5,1,1
BRDA:26,6,0,0
BRDA:26,6,1,1
BRF:11
BRH:7
end_of_record
TN:
SF:repositories\users.js
FN:3,(anonymous_0)
FN:7,(anonymous_1)
FN:11,(anonymous_2)
FN:16,(anonymous_3)
FN:20,(anonymous_4)
FNF:5
FNH:4
FNDA:4,(anonymous_0)
FNDA:3,(anonymous_1)
FNDA:1,(anonymous_2)
FNDA:2,(anonymous_3)
FNDA:0,(anonymous_4)
DA:1,3
DA:3,3
DA:4,4
DA:7,3
DA:8,3
DA:11,3
DA:12,1
DA:13,1
DA:16,3
DA:17,2
DA:20,3
DA:21,0
DA:24,3
LF:13
LH:12
BRF:0
BRH:0
end_of_record
TN:
SF:routes\api\index.js
FNF:0
FNH:0
DA:1,2
DA:2,2
DA:4,2
DA:5,2
DA:7,2
LF:5
LH:5
BRF:0
BRH:0
end_of_record
TN:
SF:routes\api\contacts\index.js
FN:14,(anonymous_0)
FNF:1
FNH:1
FNDA:4,(anonymous_0)
DA:1,2
DA:2,2
DA:3,2
DA:4,2
DA:12,2
DA:14,2
DA:15,4
DA:16,4
DA:19,2
DA:23,2
DA:28,2
DA:31,2
LF:12
LH:12
BRF:0
BRH:0
end_of_record
TN:
SF:routes\api\contacts\validation.js
FN:22,(anonymous_0)
FN:35,(anonymous_1)
FN:38,(anonymous_2)
FN:41,(anonymous_3)
FN:44,(anonymous_4)
FNF:5
FNH:3
FNDA:1,(anonymous_0)
FNDA:1,(anonymous_1)
FNDA:0,(anonymous_2)
FNDA:0,(anonymous_3)
FNDA:2,(anonymous_4)
DA:1,2
DA:2,2
DA:3,2
DA:10,2
DA:17,2
DA:22,2
DA:23,1
DA:24,1
DA:25,1
DA:27,0
DA:34,2
DA:36,1
DA:39,0
DA:42,0
DA:45,2
DA:46,0
DA:51,2
LF:17
LH:13
BRDA:45,0,0,0
BRDA:45,0,1,2
BRF:2
BRH:1
end_of_record
TN:
SF:routes\api\users\index.js
FNF:0
FNH:0
DA:1,2
DA:2,2
DA:3,2
DA:4,2
DA:5,2
DA:7,2
DA:8,2
DA:9,2
DA:10,2
DA:12,2
LF:10
LH:10
BRF:0
BRH:0
end_of_record
TN:
SF:servises\local-upload.js
FN:7,(anonymous_0)
FN:11,(anonymous_1)
FN:21,(anonymous_2)
FNF:3
FNH:0
FNDA:0,(anonymous_0)
FNDA:0,(anonymous_1)
FNDA:0,(anonymous_2)
DA:1,2
DA:2,2
DA:3,2
DA:4,2
DA:8,0
DA:12,0
DA:13,0
DA:22,0
DA:23,0
DA:24,0
DA:25,0
DA:26,0
DA:30,2
LF:13
LH:5
BRF:0
BRH:0
end_of_record
TN:
SF:test\data\data.js
FNF:0
FNH:0
DA:1,2
DA:7,2
DA:14,2
DA:21,2
LF:4
LH:4
BRF:0
BRH:0
end_of_record
